Log file open, 10/17/18 17:33:05
LogWindows: Failed to load 'aqProf.dll' (GetLastError=126)
LogWindows: File 'aqProf.dll' does not exist
LogWindows: Failed to load 'VtuneApi.dll' (GetLastError=126)
LogWindows: File 'VtuneApi.dll' does not exist
LogWindows: Failed to load 'VtuneApi32e.dll' (GetLastError=126)
LogWindows: File 'VtuneApi32e.dll' does not exist
LogInit: Display: Running engine for game: CoopHorde
LogPlatformFile: Not using cached read wrapper
LogTaskGraph: Started task graph with 5 named threads and 23 total threads with 3 sets of task threads.
LogStats: Stats thread started at 0.442034
LogD3D11RHI: Loaded GFSDK_Aftermath_Lib.x64.dll
LogICUInternationalization: Display: ICU TimeZone Detection - Raw Offset: -6:00, Platform Override: ''
LogPluginManager: Mounting plugin Paper2D
LogPluginManager: Mounting plugin AISupport
LogPluginManager: Mounting plugin LightPropagationVolume
LogPluginManager: Mounting plugin CLionSourceCodeAccess
LogPluginManager: Mounting plugin CodeLiteSourceCodeAccess
LogPluginManager: Mounting plugin GitSourceControl
LogPluginManager: Mounting plugin KDevelopSourceCodeAccess
LogPluginManager: Mounting plugin NullSourceCodeAccess
LogPluginManager: Mounting plugin PerforceSourceControl
LogPluginManager: Mounting plugin SubversionSourceControl
LogPluginManager: Mounting plugin UObjectPlugin
LogPluginManager: Mounting plugin VisualStudioCodeSourceCodeAccess
LogPluginManager: Mounting plugin VisualStudioSourceCodeAccess
LogPluginManager: Mounting plugin XCodeSourceCodeAccess
LogPluginManager: Mounting plugin AssetManagerEditor
LogPluginManager: Mounting plugin CryptoKeys
LogPluginManager: Mounting plugin DataValidation
LogPluginManager: Mounting plugin FacialAnimation
LogPluginManager: Mounting plugin GameplayTagsEditor
LogPluginManager: Mounting plugin MacGraphicsSwitching
LogPluginManager: Mounting plugin MeshEditor
LogPluginManager: Mounting plugin MobileLauncherProfileWizard
LogPluginManager: Mounting plugin PluginBrowser
LogPluginManager: Mounting plugin SpeedTreeImporter
LogPluginManager: Mounting plugin DatasmithContent
LogPluginManager: Mounting plugin AlembicImporter
LogPluginManager: Mounting plugin AppleImageUtils
LogPluginManager: Mounting plugin AppleVision
LogPluginManager: Mounting plugin BackChannel
LogPluginManager: Mounting plugin CharacterAI
LogPluginManager: Mounting plugin GeometryCache
LogPluginManager: Mounting plugin HTML5Networking
LogPluginManager: Mounting plugin ProxyLODPlugin
LogPluginManager: Mounting plugin MagicLeap
LogPluginManager: Mounting plugin MagicLeapEmulator
LogPluginManager: Mounting plugin MagicLeapMedia
LogPluginManager: Mounting plugin AndroidMedia
LogPluginManager: Mounting plugin AvfMedia
LogPluginManager: Mounting plugin ImgMedia
LogPluginManager: Mounting plugin LinearTimecode
LogPluginManager: Mounting plugin MediaCompositing
LogPluginManager: Mounting plugin MediaPlayerEditor
LogPluginManager: Mounting plugin WmfMedia
LogPluginManager: Mounting plugin TcpMessaging
LogPluginManager: Mounting plugin UdpMessaging
LogPluginManager: Mounting plugin ActorSequence
LogPluginManager: Mounting plugin LevelSequenceEditor
LogPluginManager: Mounting plugin MatineeToLevelSequence
LogPluginManager: Mounting plugin NetcodeUnitTest
LogPluginManager: Mounting plugin NUTUnrealEngine4
LogPluginManager: Mounting plugin OnlineSubsystemGooglePlay
LogPluginManager: Mounting plugin OnlineSubsystemIOS
LogPluginManager: Mounting plugin OnlineSubsystem
LogPluginManager: Mounting plugin OnlineSubsystemNull
LogPluginManager: Mounting plugin OnlineSubsystemUtils
LogPluginManager: Mounting plugin LauncherChunkInstaller
LogPluginManager: Mounting plugin AndroidDeviceProfileSelector
LogPluginManager: Mounting plugin AndroidMoviePlayer
LogPluginManager: Mounting plugin AndroidPermission
LogPluginManager: Mounting plugin AppleMoviePlayer
LogPluginManager: Mounting plugin ArchVisCharacter
LogPluginManager: Mounting plugin AudioCapture
LogPluginManager: Mounting plugin CableComponent
LogPluginManager: Mounting plugin CustomMeshComponent
LogPluginManager: Mounting plugin EditableMesh
LogPluginManager: Mounting plugin ExampleDeviceProfileSelector
LogPluginManager: Mounting plugin GoogleCloudMessaging
LogPluginManager: Mounting plugin ImmediatePhysics
LogPluginManager: Mounting plugin IOSDeviceProfileSelector
LogPluginManager: Mounting plugin LinuxDeviceProfileSelector
LogPluginManager: Mounting plugin LocationServicesBPLibrary
LogPluginManager: Mounting plugin MobilePatchingUtils
LogPluginManager: Mounting plugin OculusVR
LogPluginManager: Plugin shader directory ../../../Engine/Plugins/Runtime/Oculus/OculusVR/Shaders found
LogPluginManager: Mapping shader source directory ../../../Engine/Plugins/Runtime/Oculus/OculusVR/Shaders to virtual directory /Plugin/OculusVR
LogPluginManager: Mounting plugin PhysXVehicles
LogPluginManager: Mounting plugin ProceduralMeshComponent
LogPluginManager: Mounting plugin RuntimePhysXCooking
LogPluginManager: Mounting plugin SteamVR
LogPluginManager: Mounting plugin WindowsMoviePlayer
LogStreaming: Display: Took  0.155s to configure plugins.
LogInit: Using libcurl 7.55.1-DEV
LogInit:  - built for x86_64-pc-win32
LogInit:  - supports SSL with OpenSSL/1.0.2h
LogInit:  - supports HTTP deflate (compression) using libz 1.2.8
LogInit:  - other features:
LogInit:      CURL_VERSION_SSL
LogInit:      CURL_VERSION_LIBZ
LogInit:      CURL_VERSION_IPV6
LogInit:      CURL_VERSION_ASYNCHDNS
LogInit:      CURL_VERSION_LARGEFILE
LogInit:      CURL_VERSION_IDN
LogInit:  CurlRequestOptions (configurable via config and command line):
LogInit:  - bVerifyPeer = false  - Libcurl will NOT verify peer certificate
LogInit:  - bUseHttpProxy = false  - Libcurl will NOT use HTTP proxy
LogInit:  - bDontReuseConnections = false  - Libcurl will reuse connections
LogInit:  - CertBundlePath = nullptr  - Libcurl will use whatever was configured at build time.
LogInit:  - MaxHostConnections = 16  - Libcurl will limit the number of connections to a host
LogInit:  - LocalHostAddr = Default
LogInit:  - BufferSize = 65536
LogInit: WinSock: version 1.1 (2.2), MaxSocks=32767, MaxUdp=65467
LogInit: Build: ++UE4+Release-4.20-CL-4369336
LogInit: Engine Version: 4.20.3-4369336+++UE4+Release-4.20
LogInit: Compatible Engine Version: 4.20.0-4212847+++UE4+Release-4.20
LogInit: Net CL: 4212847
LogInit: OS: Windows 10 (), CPU: AMD FX(tm)-8350 Eight-Core Processor           , GPU: NVIDIA GeForce GTX 1060 6GB
LogInit: Compiled (64-bit): Sep 17 2018 12:26:19
LogInit: Compiled with Visual C++: 19.13.26129.00
LogInit: Build Configuration: Development
LogInit: Branch Name: ++UE4+Release-4.20
LogInit: Command Line:  -skipcompile
LogInit: Base Directory: C:/Program Files/Epic Games/UE_4.20/Engine/Binaries/Win64/
LogInit: Installed Engine Build: 1
LogDevObjectVersion: Number of dev versions registered: 20
LogDevObjectVersion:   Dev-Blueprints (B0D832E4-1F89-4F0D-ACCF-7EB736FD4AA2): 10
LogDevObjectVersion:   Dev-Build (E1C64328-A22C-4D53-A36C-8E866417BD8C): 0
LogDevObjectVersion:   Dev-Core (375EC13C-06E4-48FB-B500-84F0262A717E): 2
LogDevObjectVersion:   Dev-Editor (E4B068ED-F494-42E9-A231-DA0B2E46BB41): 24
LogDevObjectVersion:   Dev-Framework (CFFC743F-43B0-4480-9391-14DF171D2073): 34
LogDevObjectVersion:   Dev-Mobile (B02B49B5-BB20-44E9-A304-32B752E40360): 2
LogDevObjectVersion:   Dev-Networking (A4E4105C-59A1-49B5-A7C5-40C4547EDFEE): 0
LogDevObjectVersion:   Dev-Online (39C831C9-5AE6-47DC-9A44-9C173E1C8E7C): 0
LogDevObjectVersion:   Dev-Physics (78F01B33-EBEA-4F98-B9B4-84EACCB95AA2): 0
LogDevObjectVersion:   Dev-Platform (6631380F-2D4D-43E0-8009-CF276956A95A): 0
LogDevObjectVersion:   Dev-Rendering (12F88B9F-8875-4AFC-A67C-D90C383ABD29): 26
LogDevObjectVersion:   Dev-Sequencer (7B5AE74C-D270-4C10-A958-57980B212A5A): 9
LogDevObjectVersion:   Dev-VR (D7296918-1DD6-4BDD-9DE2-64A83CC13884): 2
LogDevObjectVersion:   Dev-LoadTimes (C2A15278-BFE7-4AFE-6C17-90FF531DF755): 1
LogDevObjectVersion:   Private-Geometry (6EACA3D4-40EC-4CC1-B786-8BED09428FC5): 3
LogDevObjectVersion:   Dev-AnimPhys (29E575DD-E0A3-4627-9D10-D276232CDCEA): 17
LogDevObjectVersion:   Dev-ReflectionCapture (6B266CEC-1EC7-4B8F-A30B-E4D90942FC07): 1
LogDevObjectVersion:   Dev-Automation (0DF73D61-A23F-47EA-B727-89E90C41499A): 1
LogDevObjectVersion:   FortniteMain (601D1886-AC64-4F84-AA16-D3DE0DEAC7D6): 12
LogDevObjectVersion:   Dev-Enterprise (9DFFBCD6-494F-0158-E221-12823C92A888): 1
LogStreaming: Display: Took  0.002s to delete old logs.
LogInit: Presizing for max 8388607 objects, including 0 objects not considered by GC, pre-allocating 0 bytes for permanent pool.
LogInit: Object subsystem initialized
[2018.10.17-22.33.06:232][  0]LogInit: Selected Device Profile: [Windows]
[2018.10.17-22.33.06:232][  0]LogInit: Applying CVar settings loaded from the selected device profile: [Windows]
[2018.10.17-22.33.06:254][  0]LogHAL: Display: Platform has ~ 16 GB [17071697920 / 17179869184 / 16], which maps to Larger [LargestMinGB=32, LargerMinGB=12, DefaultMinGB=8, SmallerMinGB=6, SmallestMinGB=0)
[2018.10.17-22.33.06:254][  0]LogInit: Setting Device Profile CVar: [[r.Vulkan.UseRealUBs:1]]
[2018.10.17-22.33.06:254][  0]LogInit: Going up to parent DeviceProfile []
[2018.10.17-22.33.06:255][  0]LogInit: Computer: MITINZ
[2018.10.17-22.33.06:255][  0]LogInit: User: Mitinz
[2018.10.17-22.33.06:255][  0]LogInit: CPU Page size=4096, Cores=4
[2018.10.17-22.33.06:255][  0]LogInit: High frequency timer resolution =3.919379 MHz
[2018.10.17-22.33.06:256][  0]LogMemory: Memory total: Physical=15.9GB (16GB approx)
[2018.10.17-22.33.06:256][  0]LogMemory: Platform Memory Stats for Windows
[2018.10.17-22.33.06:256][  0]LogMemory: Process Physical Memory: 100.91 MB used, 100.91 MB peak
[2018.10.17-22.33.06:256][  0]LogMemory: Process Virtual Memory: 91.16 MB used, 91.16 MB peak
[2018.10.17-22.33.06:256][  0]LogMemory: Physical Memory: 6116.86 MB used,  10163.98 MB free, 16280.84 MB total
[2018.10.17-22.33.06:256][  0]LogMemory: Virtual Memory: 4645.13 MB used,  10163.98 MB free, 134217728.00 MB total
[2018.10.17-22.33.06:406][  0]LogInit: Using OS detected language (en-US).
[2018.10.17-22.33.06:406][  0]LogInit: Using OS detected locale (en-US).
[2018.10.17-22.33.06:407][  0]LogTextLocalizationManager: No specific localization for 'en-US' exists, so the 'en' localization will be used.
[2018.10.17-22.33.06:891][  0]LogStreaming: Display: Took  0.485s to InitEngineTextLocalization.
[2018.10.17-22.33.06:891][  0]LogInit: Setting process to per monitor DPI aware
[2018.10.17-22.33.06:934][  0]LogSlate: New Slate User Created.  User Index 0, Is Virtual User: 0
[2018.10.17-22.33.06:934][  0]LogSlate: Slate User Registered.  User Index 0, Is Virtual User: 0
[2018.10.17-22.33.07:194][  0]LogHMD: Failed to initialize OpenVR with code 110
[2018.10.17-22.33.07:194][  0]LogD3D11RHI: D3D11 adapters:
[2018.10.17-22.33.07:315][  0]LogD3D11RHI:    0. 'NVIDIA GeForce GTX 1060 6GB' (Feature Level 11_0)
[2018.10.17-22.33.07:315][  0]LogD3D11RHI:       6052/0/8140 MB DedicatedVideo/DedicatedSystem/SharedSystem, Outputs:2, VendorId:0x10de
[2018.10.17-22.33.07:321][  0]LogD3D11RHI:    1. 'Microsoft Basic Render Driver' (Feature Level 11_0)
[2018.10.17-22.33.07:321][  0]LogD3D11RHI:       0/0/8140 MB DedicatedVideo/DedicatedSystem/SharedSystem, Outputs:0, VendorId:0x1414
[2018.10.17-22.33.07:321][  0]LogD3D11RHI: Chosen D3D11 Adapter: 0
[2018.10.17-22.33.07:334][  0]LogD3D11RHI: Creating new Direct3DDevice
[2018.10.17-22.33.07:334][  0]LogD3D11RHI:     GPU DeviceId: 0x1c03 (for the marketing name, search the web for "GPU Device Id")
[2018.10.17-22.33.07:334][  0]LogWindows: EnumDisplayDevices:
[2018.10.17-22.33.07:334][  0]LogWindows:    0. 'NVIDIA GeForce GTX 1060 6GB' (P:1 D:1)
[2018.10.17-22.33.07:335][  0]LogWindows:    1. 'NVIDIA GeForce GTX 1060 6GB' (P:0 D:1)
[2018.10.17-22.33.07:335][  0]LogWindows:    2. 'NVIDIA GeForce GTX 1060 6GB' (P:0 D:0)
[2018.10.17-22.33.07:335][  0]LogWindows:    3. 'NVIDIA GeForce GTX 1060 6GB' (P:0 D:0)
[2018.10.17-22.33.07:336][  0]LogWindows: DebugString: FoundDriverCount:4 
[2018.10.17-22.33.07:336][  0]LogD3D11RHI:     Adapter Name: NVIDIA GeForce GTX 1060 6GB
[2018.10.17-22.33.07:336][  0]LogD3D11RHI:   Driver Version: 398.11 (internal:24.21.13.9811, unified:398.11)
[2018.10.17-22.33.07:336][  0]LogD3D11RHI:      Driver Date: 6-1-2018
[2018.10.17-22.33.07:336][  0]LogRHI: Texture pool is 4236 MB (70% of 6052 MB)
[2018.10.17-22.33.07:403][  0]LogD3D11RHI: Async texture creation enabled
[2018.10.17-22.33.07:459][  0]LogD3D11RHI: GPU Timing Frequency: 1000.000000 (Debug: 2 2)
[2018.10.17-22.33.07:558][  0]LogShaderCompilers: Guid format shader working directory is -37 characters bigger than the processId version (../../../../../../Users/Mitinz/Documents/development/Udemy_FPSSMultiplayer/CoopHorde/Intermediate/Shaders/WorkingDirectory/7580/).
[2018.10.17-22.33.07:558][  0]LogShaderCompilers: Cleaned the shader compiler working directory 'C:/Users/Mitinz/AppData/Local/Temp/UnrealShaderWorkingDir/9C9BA178451A194B48B2D4A2E3C1566B/'.
[2018.10.17-22.33.07:887][  0]LogTemp: Display: Loaded TP AllDesktopTargetPlatform
[2018.10.17-22.33.07:910][  0]LogTemp: Display: Loaded TP MacClientTargetPlatform
[2018.10.17-22.33.07:935][  0]LogTemp: Display: Loaded TP MacNoEditorTargetPlatform
[2018.10.17-22.33.07:959][  0]LogTemp: Display: Loaded TP MacServerTargetPlatform
[2018.10.17-22.33.07:982][  0]LogTemp: Display: Loaded TP MacTargetPlatform
[2018.10.17-22.33.08:006][  0]LogTemp: Display: Loaded TP WindowsClientTargetPlatform
[2018.10.17-22.33.08:033][  0]LogTemp: Display: Loaded TP WindowsNoEditorTargetPlatform
[2018.10.17-22.33.08:062][  0]LogTemp: Display: Loaded TP WindowsServerTargetPlatform
[2018.10.17-22.33.08:077][  0]LogTemp: Display: Loaded TP WindowsTargetPlatform
[2018.10.17-22.33.08:209][  0]LogTemp: Display: Loaded TP AndroidTargetPlatform
[2018.10.17-22.33.08:209][  0]LogTemp: Display: Loaded TP AndroidTargetPlatform
[2018.10.17-22.33.08:209][  0]LogTemp: Display: Loaded TP AndroidTargetPlatform
[2018.10.17-22.33.08:209][  0]LogTemp: Display: Loaded TP AndroidTargetPlatform
[2018.10.17-22.33.08:209][  0]LogTemp: Display: Loaded TP AndroidTargetPlatform
[2018.10.17-22.33.08:209][  0]LogTemp: Display: Loaded TP AndroidTargetPlatform
[2018.10.17-22.33.08:209][  0]LogTemp: Display: Loaded TP AndroidTargetPlatform
[2018.10.17-22.33.08:209][  0]LogTemp: Display: Loaded TP AndroidTargetPlatform
[2018.10.17-22.33.08:209][  0]LogTemp: Display: Loaded TP AndroidTargetPlatform
[2018.10.17-22.33.08:209][  0]LogTemp: Display: Loaded TP AndroidTargetPlatform
[2018.10.17-22.33.08:210][  0]LogTemp: Display: Loaded TP AndroidTargetPlatform
[2018.10.17-22.33.08:210][  0]LogTemp: Display: Loaded TP AndroidTargetPlatform
[2018.10.17-22.33.08:210][  0]LogTemp: Display: Loaded TP AndroidTargetPlatform
[2018.10.17-22.33.08:210][  0]LogTemp: Display: Loaded TP AndroidTargetPlatform
[2018.10.17-22.33.08:210][  0]LogTemp: Display: Loaded TP AndroidTargetPlatform
[2018.10.17-22.33.08:210][  0]LogTemp: Display: Loaded TP AndroidTargetPlatform
[2018.10.17-22.33.08:210][  0]LogTemp: Display: Loaded TP AndroidTargetPlatform
[2018.10.17-22.33.08:210][  0]LogTemp: Display: Loaded TP AndroidTargetPlatform
[2018.10.17-22.33.08:214][  0]LogTemp: Display: Loaded TP HTML5TargetPlatform
[2018.10.17-22.33.08:314][  0]LogTemp: Display: Loaded TP IOSTargetPlatform
[2018.10.17-22.33.08:314][  0]LogTemp: Display: Loaded TP IOSTargetPlatform
[2018.10.17-22.33.08:355][  0]LogTemp: Display: Loaded TP TVOSTargetPlatform
[2018.10.17-22.33.08:355][  0]LogTemp: Display: Loaded TP TVOSTargetPlatform
[2018.10.17-22.33.08:377][  0]LogTemp: Display: Loaded TP LinuxClientTargetPlatform
[2018.10.17-22.33.08:398][  0]LogTemp: Display: Loaded TP LinuxNoEditorTargetPlatform
[2018.10.17-22.33.08:420][  0]LogTemp: Display: Loaded TP LinuxServerTargetPlatform
[2018.10.17-22.33.08:444][  0]LogTemp: Display: Loaded TP LinuxTargetPlatform
[2018.10.17-22.33.08:461][  0]LogTemp: Display: Loaded TP LuminTargetPlatform
[2018.10.17-22.33.08:461][  0]LogTargetPlatformManager: Display: Building Assets For Windows
[2018.10.17-22.33.08:610][  0]LogXGEController: Cleaning working directory: C:/Users/Mitinz/AppData/Local/Temp/UnrealXGEWorkingDir/
[2018.10.17-22.33.08:610][  0]LogXGEController: Cannot use XGE Controller as Incredibuild is not installed on this machine.
[2018.10.17-22.33.08:610][  0]LogShaderCompilers: Cannot use XGE Shader Compiler as Incredibuild is not installed on this machine.
[2018.10.17-22.33.08:610][  0]LogShaderCompilers: Display: Using Local Shader Compiler.
[2018.10.17-22.33.09:783][  0]LogDerivedDataCache: Display: Max Cache Size: 512 MB
[2018.10.17-22.33.09:879][  0]LogDerivedDataCache: Loaded boot cache 0.10s 71MB C:/Users/Mitinz/AppData/Local/UnrealEngine/4.20/DerivedDataCache/Boot.ddc.
[2018.10.17-22.33.09:880][  0]LogDerivedDataCache: Display: Loaded Boot cache: C:/Users/Mitinz/AppData/Local/UnrealEngine/4.20/DerivedDataCache/Boot.ddc
[2018.10.17-22.33.09:880][  0]LogDerivedDataCache: FDerivedDataBackendGraph:  Pak pak cache file ../../../../../../Users/Mitinz/Documents/development/Udemy_FPSSMultiplayer/CoopHorde/DerivedDataCache/DDC.ddp not found, will not use a pak cache.
[2018.10.17-22.33.09:880][  0]LogDerivedDataCache: Unable to find inner node Pak for hierarchical cache Hierarchy.
[2018.10.17-22.33.09:881][  0]LogDerivedDataCache: FDerivedDataBackendGraph:  CompressedPak pak cache file ../../../../../../Users/Mitinz/Documents/development/Udemy_FPSSMultiplayer/CoopHorde/DerivedDataCache/Compressed.ddp not found, will not use a pak cache.
[2018.10.17-22.33.09:881][  0]LogDerivedDataCache: Unable to find inner node CompressedPak for hierarchical cache Hierarchy.
[2018.10.17-22.33.09:902][  0]LogDerivedDataCache: Display: Pak cache opened for reading ../../../Engine/DerivedDataCache/Compressed.ddp.
[2018.10.17-22.33.09:917][  0]LogDerivedDataCache: Using Local data cache path C:/Users/Mitinz/AppData/Local/UnrealEngine/Common/DerivedDataCache: Writable
[2018.10.17-22.33.09:917][  0]LogDerivedDataCache: Shared data cache path not found in *engine.ini, will not use an Shared cache.
[2018.10.17-22.33.09:917][  0]LogDerivedDataCache: Unable to find inner node Shared for hierarchical cache Hierarchy.
[2018.10.17-22.33.09:946][  0]LogMaterial: Verifying Global Shaders for PCD3D_SM5
[2018.10.17-22.33.09:948][  0]LogSlate: Using FreeType 2.6.0
[2018.10.17-22.33.09:949][  0]LogSlate: SlateFontServices - WITH_FREETYPE: 1, WITH_HARFBUZZ: 1
[2018.10.17-22.33.10:047][  0]LogAssetRegistry: FAssetRegistry took 0.0312 seconds to start up
[2018.10.17-22.33.10:579][  0]LogInit: Selected Device Profile: [Windows]
[2018.10.17-22.33.10:780][  0]LogSimplygon: Simplygon DLL not present - disabling.
[2018.10.17-22.33.10:789][  0]LogMeshReduction: Using SimplygonSwarm for distributed automatic mesh merging
[2018.10.17-22.33.10:789][  0]LogMeshReduction: Using ProxyLODMeshReduction for automatic mesh merging
[2018.10.17-22.33.10:789][  0]LogMeshReduction: Using QuadricMeshReduction for automatic static mesh reduction
[2018.10.17-22.33.10:789][  0]LogMeshReduction: No automatic skeletal mesh reduction module available
[2018.10.17-22.33.10:819][  0]LogNetVersion: CoopHorde 1.0.0, NetCL: 4212847, EngineNetVer: 5, GameNetVer: 0 (Checksum: 641387925)
[2018.10.17-22.33.11:596][  0]LogPackageLocalizationCache: Processed 11 localized package path(s) for 2 prioritized culture(s) in 0.157791 seconds
[2018.10.17-22.33.11:605][  0]LogUObjectArray: 38425 objects as part of root set at end of initial load.
[2018.10.17-22.33.11:605][  0]LogUObjectAllocator: 6690872 out of 0 bytes used by permanent object pool.
[2018.10.17-22.33.11:605][  0]LogUObjectArray: CloseDisregardForGC: 0/0 objects in disregard for GC pool
[2018.10.17-22.33.12:825][  0]LogTcpMessaging: Initializing TcpMessaging bridge
[2018.10.17-22.33.12:845][  0]LogUdpMessaging: Initializing bridge on interface 0.0.0.0:0 to multicast group 230.0.0.1:6666.
[2018.10.17-22.33.13:088][  0]SourceControl: Source control is disabled
[2018.10.17-22.33.13:089][  0]SourceControl: Source control is disabled
[2018.10.17-22.33.13:093][  0]SourceControl: Source control is disabled
[2018.10.17-22.33.13:096][  0]SourceControl: Source control is disabled
[2018.10.17-22.33.13:403][  0]LogAndroidPermission: UAndroidPermissionCallbackProxy::GetInstance
[2018.10.17-22.33.13:553][  0]LogOcInput: OculusInput pre-init called
[2018.10.17-22.33.13:645][  0]LogEngine: Initializing Engine...
[2018.10.17-22.33.13:647][  0]LogHMD: Failed to initialize OpenVR with code 110
[2018.10.17-22.33.13:649][  0]LogStats: UGameplayTagsManager::ConstructGameplayTagTree: ImportINI prefixes -  0.000 s
[2018.10.17-22.33.13:649][  0]LogStats: UGameplayTagsManager::ConstructGameplayTagTree: Construct from data asset -  0.000 s
[2018.10.17-22.33.13:649][  0]LogStats: UGameplayTagsManager::ConstructGameplayTagTree: ImportINI -  0.000 s
[2018.10.17-22.33.13:649][  0]LogStats: UGameplayTagsManager::ConstructGameplayTagTree: GameplayTagTreeChangedEvent.Broadcast -  0.000 s
[2018.10.17-22.33.14:008][  0]LogInit: Initializing FReadOnlyCVARCache
[2018.10.17-22.33.14:030][  0]LogAIModule: Creating AISystem for world Untitled
[2018.10.17-22.33.14:051][  0]LogInit: XAudio2 using 'Speakers (Realtek High Definition Audio)' : 2 channels at 48 kHz using 32 bits per sample (channel mask 0x3)
[2018.10.17-22.33.14:116][  0]LogInit: FAudioDevice initialized.
[2018.10.17-22.33.14:117][  0]LogNetVersion: Set ProjectVersion to 1.0.0.0. Version Checksum will be recalculated on next use.
[2018.10.17-22.33.14:225][  0]LogDerivedDataCache: Saved boot cache 0.11s 71MB C:/Users/Mitinz/AppData/Local/UnrealEngine/4.20/DerivedDataCache/Boot.ddc.
[2018.10.17-22.33.14:242][  0]LogInit: Texture streaming: Enabled
[2018.10.17-22.33.14:281][  0]LogEngineSessionManager: EngineSessionManager initialized
[2018.10.17-22.33.14:281][  0]LogEngineSessionManager: EngineSessionManager sent abnormal shutdown report. Type=Debugger, SessionId={4F9EAF42-46F0-A30A-45CB-65BBE77552DD}
[2018.10.17-22.33.14:297][  0]LogInit: Transaction tracking system initialized
[2018.10.17-22.33.14:348][  0]BlueprintLog: New page: Editor Load
[2018.10.17-22.33.14:515][  0]LocalizationService: Localization service is disabled
[2018.10.17-22.33.14:907][  0]LogCook: Display: Max memory allowance for cook 16384mb min free memory 0mb
[2018.10.17-22.33.14:908][  0]LogCook: Display: Mobile HDR setting 1
[2018.10.17-22.33.14:908][  0]LogGameplayTags: Display: UGameplayTagsManager::DoneAddingNativeTags. DelegateIsBound: 0
[2018.10.17-22.33.14:908][  0]LogStats: UGameplayTagsManager::ConstructGameplayTagTree: ImportINI prefixes -  0.000 s
[2018.10.17-22.33.14:908][  0]LogStats: UGameplayTagsManager::ConstructGameplayTagTree: Construct from data asset -  0.000 s
[2018.10.17-22.33.14:908][  0]LogStats: UGameplayTagsManager::ConstructGameplayTagTree: ImportINI -  0.000 s
[2018.10.17-22.33.14:908][  0]LogFileCache: Scanning file cache for directory 'C:/Users/Mitinz/Documents/development/Udemy_FPSSMultiplayer/CoopHorde/Content/' took 0.02s
[2018.10.17-22.33.14:909][  0]LogStats: UGameplayTagsManager::ConstructGameplayTagTree: GameplayTagTreeChangedEvent.Broadcast -  0.000 s
[2018.10.17-22.33.15:175][  0]SourceControl: Source control is disabled
[2018.10.17-22.33.15:176][  0]Cmd: MAP LOAD FILE="../../../Engine/Content/Maps/Templates/Template_Default.umap" TEMPLATE=1 SHOWPROGRESS=1 FEATURELEVEL=3
[2018.10.17-22.33.15:176][  0]LightingResults: New page: Lighting Build
[2018.10.17-22.33.15:181][  0]MapCheck: New page: Map Check
[2018.10.17-22.33.15:181][  0]LightingResults: New page: Lighting Build
[2018.10.17-22.33.15:564][  0]LogAIModule: Creating AISystem for world Untitled_1
[2018.10.17-22.33.15:578][  0]LogEditorServer: Finished looking for orphan Actors (0.002 secs)
[2018.10.17-22.33.15:699][  0]Cmd: MAP CHECKDEP NOCLEARLOG
[2018.10.17-22.33.15:793][  0]MapCheck: Map check complete: 0 Error(s), 0 Warning(s), took 93.287ms to complete.
[2018.10.17-22.33.15:793][  0]LogFileHelpers: Loading map 'Template_Default' took 0.617
[2018.10.17-22.33.15:951][  0]LogSlate: Updating window title bar state: overlay mode, drag disabled, window buttons hidden, title bar hidden
[2018.10.17-22.33.15:962][  0]LogSlate: Updating window title bar state: overlay mode, drag disabled, window buttons hidden, title bar hidden
[2018.10.17-22.33.15:973][  0]LogSlate: Updating window title bar state: overlay mode, drag disabled, window buttons hidden, title bar hidden
[2018.10.17-22.33.15:983][  0]LogSlate: Updating window title bar state: overlay mode, drag disabled, window buttons hidden, title bar hidden
[2018.10.17-22.33.15:996][  0]LogCollectionManager: Loaded 0 collections in 0.003323 seconds
[2018.10.17-22.33.16:056][  0]LogFileCache: Scanning file cache for directory 'C:/Users/Mitinz/Documents/development/Udemy_FPSSMultiplayer/CoopHorde/Saved/Collections/' took 0.01s
[2018.10.17-22.33.16:056][  0]LogFileCache: Scanning file cache for directory 'C:/Users/Mitinz/Documents/development/Udemy_FPSSMultiplayer/CoopHorde/Content/Developers/Mitinz/Collections/' took 0.01s
[2018.10.17-22.33.16:056][  0]LogFileCache: Scanning file cache for directory 'C:/Users/Mitinz/Documents/development/Udemy_FPSSMultiplayer/CoopHorde/Content/Collections/' took 0.01s
[2018.10.17-22.33.16:056][  0]LogCollectionManager: Rebuilt the GUID cache for 0 collections in 0.000001 seconds
[2018.10.17-22.33.16:073][  0]LogContentBrowser: Native class hierarchy populated in 0.0169 seconds. Added 2573 classes and 606 folders.
[2018.10.17-22.33.16:085][  0]LogContentBrowser: Native class hierarchy updated for 'WidgetCarousel' in 0.0004 seconds. Added 0 classes and 0 folders.
[2018.10.17-22.33.16:158][  0]LogContentBrowser: Native class hierarchy updated for 'AddContentDialog' in 0.0006 seconds. Added 0 classes and 0 folders.
[2018.10.17-22.33.16:169][  0]LogContentBrowser: Native class hierarchy updated for 'SceneOutliner' in 0.0006 seconds. Added 1 classes and 2 folders.
[2018.10.17-22.33.16:191][  0]LogSlate: Took 0.000308 seconds to synchronously load lazily loaded font '../../../Engine/Content/Slate/Fonts/Roboto-Regular.ttf' (155K)
[2018.10.17-22.33.16:195][  0]LogSlate: Took 0.000355 seconds to synchronously load lazily loaded font '../../../Engine/Content/Slate/Fonts/Roboto-Bold.ttf' (160K)
[2018.10.17-22.33.16:202][  0]LogSlate: Took 0.000382 seconds to synchronously load lazily loaded font '../../../Engine/Content/Editor/Slate/Fonts/FontAwesome.ttf' (139K)
[2018.10.17-22.33.16:310][  0]LogRenderer: Reallocating scene render targets to support 1208x576 Format 10 NumSamples 1 (Frame:1).
[2018.10.17-22.33.16:532][  0]LogContentBrowser: Native class hierarchy updated for 'HierarchicalLODOutliner' in 0.0006 seconds. Added 0 classes and 0 folders.
[2018.10.17-22.33.16:532][  0]LogLoad: (Engine Initialization) Total time: 12.99 seconds
[2018.10.17-22.33.16:532][  0]LogLoad: (Engine Initialization) Total Blueprint compile time: 0.00 seconds
[2018.10.17-22.33.16:571][  0]LogContentStreaming: Texture pool size now 1000 MB
[2018.10.17-22.33.16:631][  0]LogSlate: Took 0.000260 seconds to synchronously load lazily loaded font '../../../Engine/Content/Slate/Fonts/Roboto-Light.ttf' (167K)
[2018.10.17-22.33.16:749][  2]LogAssetRegistry: Asset discovery search completed in 6.7254 seconds
[2018.10.17-22.33.16:751][  2]LogCollectionManager: Rebuilt the object cache for 0 collections in 0.000000 seconds (found 0 objects)
[2018.10.17-22.33.16:751][  2]LogCollectionManager: Fixed up redirectors for 0 collections in 0.000194 seconds (updated 0 objects)
[2018.10.17-22.33.19:412][ 10]LogSlate: FSceneViewport::OnFocusLost() reason 0
[2018.10.17-22.33.20:117][ 81]LogSlate: Took 0.000282 seconds to synchronously load lazily loaded font '../../../Engine/Content/Slate/Fonts/Roboto-Light.ttf' (167K)
[2018.10.17-22.33.20:162][ 81]LogAIModule: Creating AISystem for world DevMap
[2018.10.17-22.33.20:169][ 81]LogAssetEditorManager: Opening Asset editor for World /Game/Maps/DevMap.DevMap
[2018.10.17-22.33.20:291][ 81]Cmd: MAP LOAD FILE="../../../../../../Users/Mitinz/Documents/development/Udemy_FPSSMultiplayer/CoopHorde/Content/Maps/DevMap.umap" TEMPLATE=0 SHOWPROGRESS=1 FEATURELEVEL=3
[2018.10.17-22.33.20:291][ 81]LightingResults: New page: Lighting Build
[2018.10.17-22.33.20:292][ 81]LoadErrors: New page: Loading map: DevMap.umap
[2018.10.17-22.33.20:293][ 81]MapCheck: New page: Map Check
[2018.10.17-22.33.20:293][ 81]LightingResults: New page: Lighting Build
[2018.10.17-22.33.20:416][ 81]LogEditorServer: Finished looking for orphan Actors (0.000 secs)
[2018.10.17-22.33.20:583][ 81]Cmd: MAP CHECKDEP NOCLEARLOG
[2018.10.17-22.33.20:684][ 81]MapCheck: Map check complete: 0 Error(s), 0 Warning(s), took 101.318ms to complete.
[2018.10.17-22.33.20:686][ 81]LogFileHelpers: Loading map 'DevMap' took 0.397
[2018.10.17-22.33.25:338][610]LogEditorViewport: Clicking on Actor (LMB): BP_Sky_Sphere_C (Sky Sphere)
[2018.10.17-22.33.26:188][687]LogEditorViewport: Clicking on Actor (LMB): BP_PlayerPawn_C (BP_PlayerPawn)
[2018.10.17-22.33.37:906][215]LogSlate: FSceneViewport::OnFocusLost() reason 0
[2018.10.17-22.33.38:935][322]LogAssetEditorManager: Opening Asset editor for Blueprint /Game/Blueprints/BP_PlayerPawn.BP_PlayerPawn
[2018.10.17-22.33.39:636][322]LogContentBrowser: Native class hierarchy updated for 'BlueprintGraph' in 0.0012 seconds. Added 116 classes and 0 folders.
[2018.10.17-22.33.49:372][302]LogAssetEditorManager: Opening Asset editor for Blueprint /Game/Blueprints/BP_PlayerPawn.BP_PlayerPawn
[2018.10.17-22.33.49:812][302]LogSlate: Took 0.000362 seconds to synchronously load lazily loaded font '../../../Engine/Content/Slate/Fonts/Roboto-BoldCondensed.ttf' (158K)
[2018.10.17-22.33.50:702][395]LogRenderer: Reallocating scene render targets to support 1208x900 Format 10 NumSamples 1 (Frame:1).
[2018.10.17-22.33.58:978][157]LogSlate: Took 0.000371 seconds to synchronously load lazily loaded font '../../../Engine/Content/Slate/Fonts/Roboto-Italic.ttf' (157K)
[2018.10.17-22.33.59:326][158]LogSlate: FSceneViewport::OnFocusLost() reason 0
[2018.10.17-22.34.43:828][ 48]LogSlate: FSceneViewport::OnFocusLost() reason 0
[2018.10.17-22.35.43:512][657]LogSlate: FSceneViewport::OnFocusLost() reason 0
[2018.10.17-22.36.07:108][370]LogSlate: FSceneViewport::OnFocusLost() reason 0
[2018.10.17-22.36.07:176][378]BlueprintLog: New page: Compile BP_PlayerPawn
[2018.10.17-22.36.07:879][378]LogSavePackage: Moving '../../../../../../Users/Mitinz/Documents/development/Udemy_FPSSMultiplayer/CoopHorde/Saved/BP_PlayerPawnD08A6E54414F41E5D1C9D9A4D9B7E3A8.tmp' to '../../../../../../Users/Mitinz/Documents/development/Udemy_FPSSMultiplayer/CoopHorde/Content/Blueprints/BP_PlayerPawn.uasset'
[2018.10.17-22.36.08:873][489]LogSavePackage: Moving '../../../../../../Users/Mitinz/Documents/development/Udemy_FPSSMultiplayer/CoopHorde/Saved/BP_PlayerPawnEDF436DB427A1508E0A1958953C5A7BD.tmp' to '../../../../../../Users/Mitinz/Documents/development/Udemy_FPSSMultiplayer/CoopHorde/Content/Blueprints/BP_PlayerPawn.uasset'
[2018.10.17-22.37.18:482][370]LogAssetEditorManager: Opening Asset editor for Blueprint /Game/Blueprints/BP_PlayerPawn.BP_PlayerPawn
[2018.10.17-22.37.39:337][238]LogSlate: FSceneViewport::OnFocusLost() reason 0
[2018.10.17-22.37.39:412][247]BlueprintLog: New page: Compile BP_PlayerPawn
[2018.10.17-22.37.40:040][247]LogSavePackage: Moving '../../../../../../Users/Mitinz/Documents/development/Udemy_FPSSMultiplayer/CoopHorde/Saved/BP_PlayerPawn3D161D94429EE187F0A12E9764EA34E3.tmp' to '../../../../../../Users/Mitinz/Documents/development/Udemy_FPSSMultiplayer/CoopHorde/Content/Blueprints/BP_PlayerPawn.uasset'
[2018.10.17-22.37.40:625][309]LogSavePackage: Moving '../../../../../../Users/Mitinz/Documents/development/Udemy_FPSSMultiplayer/CoopHorde/Saved/BP_PlayerPawn63E0F730422868FDE7B7D2B76E1EBB4D.tmp' to '../../../../../../Users/Mitinz/Documents/development/Udemy_FPSSMultiplayer/CoopHorde/Content/Blueprints/BP_PlayerPawn.uasset'
[2018.10.17-22.37.49:754][224]LogTemp: Repeating last play command: Selected Viewport
[2018.10.17-22.37.49:784][224]LogPlayLevel: PlayLevel: No blueprints needed recompiling
[2018.10.17-22.37.49:799][224]PIE: New page: PIE session: DevMap (Oct 17, 2018, 12:37:49 PM)
[2018.10.17-22.37.49:799][224]LogPlayLevel: Creating play world package: /Game/Maps/UEDPIE_0_DevMap
[2018.10.17-22.37.49:804][224]LogPlayLevel: PIE: StaticDuplicateObject took: (0.004564s)
[2018.10.17-22.37.49:805][224]LogAIModule: Creating AISystem for world DevMap
[2018.10.17-22.37.49:805][224]LogPlayLevel: PIE: World Init took: (0.001256s)
[2018.10.17-22.37.49:805][224]LogPlayLevel: PIE: Created PIE world by copying editor world from /Game/Maps/DevMap.DevMap to /Game/Maps/UEDPIE_0_DevMap.DevMap (0.006612s)
[2018.10.17-22.37.49:983][224]LogInit: XAudio2 using 'Speakers (Realtek High Definition Audio)' : 2 channels at 48 kHz using 32 bits per sample (channel mask 0x3)
[2018.10.17-22.37.50:025][224]LogInit: FAudioDevice initialized.
[2018.10.17-22.37.50:074][224]LogLoad: Game class is 'GameModeBase'
[2018.10.17-22.37.50:077][224]LogWorld: Bringing World /Game/Maps/UEDPIE_0_DevMap.DevMap up for play (max tick rate 0) at 2018.10.17-17.37.50
[2018.10.17-22.37.50:077][224]LogWorld: Bringing up level for play took: 0.001015
[2018.10.17-22.37.50:098][224]LogContentBrowser: Native class hierarchy updated for 'MovieSceneCapture' in 0.0005 seconds. Added 10 classes and 0 folders.
[2018.10.17-22.37.50:099][224]PIE: Play in editor start time for /Game/Maps/UEDPIE_0_DevMap -0.52
[2018.10.17-22.38.11:856][828]LogSlate: Updating window title bar state: overlay mode, drag disabled, window buttons hidden, title bar hidden
[2018.10.17-22.38.11:901][828]LogPlayLevel: Display: Shutting down PIE online subsystems
[2018.10.17-22.38.12:004][828]LogSlate: Updating window title bar state: overlay mode, drag disabled, window buttons hidden, title bar hidden
[2018.10.17-22.38.12:045][829]LogPlayLevel: Display: Destroying online subsystem :Context_4
[2018.10.17-22.38.12:594][892]LogSlate: FSceneViewport::OnFocusLost() reason 0
[2018.10.17-22.38.12:848][898]LogSavePackage: Moving '../../../../../../Users/Mitinz/Documents/development/Udemy_FPSSMultiplayer/CoopHorde/Saved/DevMapD5FFDB9F4DB505CF336B879E91FE5260.tmp' to '../../../../../../Users/Mitinz/Documents/development/Udemy_FPSSMultiplayer/CoopHorde/Content/Maps/DevMap.umap'
[2018.10.17-22.38.12:897][898]Cmd: OBJ SAVEPACKAGE PACKAGE="/Game/Maps/DevMap_BuiltData" FILE="../../../../../../Users/Mitinz/Documents/development/Udemy_FPSSMultiplayer/CoopHorde/Content/Maps/DevMap_BuiltData.uasset" SILENT=true
[2018.10.17-22.38.12:931][898]LogSavePackage: Moving '../../../../../../Users/Mitinz/Documents/development/Udemy_FPSSMultiplayer/CoopHorde/Saved/DevMap_BuiltDataD6DD186F4217614CCC46C08BA5250ED0.tmp' to '../../../../../../Users/Mitinz/Documents/development/Udemy_FPSSMultiplayer/CoopHorde/Content/Maps/DevMap_BuiltData.uasset'
[2018.10.17-22.38.16:666][915]LogTemp: Repeating last play command: Selected Viewport
[2018.10.17-22.38.16:691][915]LogPlayLevel: PlayLevel: No blueprints needed recompiling
[2018.10.17-22.38.16:692][915]PIE: New page: PIE session: DevMap (Oct 17, 2018, 12:38:16 PM)
[2018.10.17-22.38.16:692][915]LogPlayLevel: Creating play world package: /Game/Maps/UEDPIE_0_DevMap
[2018.10.17-22.38.16:696][915]LogPlayLevel: PIE: StaticDuplicateObject took: (0.003725s)
[2018.10.17-22.38.16:697][915]LogAIModule: Creating AISystem for world DevMap
[2018.10.17-22.38.16:698][915]LogPlayLevel: PIE: World Init took: (0.001261s)
[2018.10.17-22.38.16:698][915]LogPlayLevel: PIE: Created PIE world by copying editor world from /Game/Maps/DevMap.DevMap to /Game/Maps/UEDPIE_0_DevMap.DevMap (0.005689s)
[2018.10.17-22.38.16:825][915]LogInit: XAudio2 using 'Speakers (Realtek High Definition Audio)' : 2 channels at 48 kHz using 32 bits per sample (channel mask 0x3)
[2018.10.17-22.38.16:869][915]LogInit: FAudioDevice initialized.
[2018.10.17-22.38.16:907][915]LogLoad: Game class is 'GameModeBase'
[2018.10.17-22.38.16:909][915]LogWorld: Bringing World /Game/Maps/UEDPIE_0_DevMap.DevMap up for play (max tick rate 0) at 2018.10.17-17.38.16
[2018.10.17-22.38.16:909][915]LogWorld: Bringing up level for play took: 0.001063
[2018.10.17-22.38.16:923][915]PIE: Play in editor start time for /Game/Maps/UEDPIE_0_DevMap 0.305
[2018.10.17-22.38.17:415][968]LogSlate: Took 0.009091 seconds to synchronously load lazily loaded font '../../../Engine/Content/Slate/Fonts/DroidSansMono.ttf' (77K)
[2018.10.17-22.38.22:937][610]LogSlate: FSceneViewport::OnFocusLost() reason 2
[2018.10.17-22.38.31:374][622]LogSlate: Updating window title bar state: overlay mode, drag disabled, window buttons hidden, title bar hidden
[2018.10.17-22.38.31:423][622]LogPlayLevel: Display: Shutting down PIE online subsystems
[2018.10.17-22.38.31:504][622]LogSlate: Updating window title bar state: overlay mode, drag disabled, window buttons hidden, title bar hidden
[2018.10.17-22.38.31:544][623]LogPlayLevel: Display: Destroying online subsystem :Context_5
[2018.10.17-22.38.32:261][707]LogSlate: FSceneViewport::OnFocusLost() reason 0
[2018.10.17-22.38.32:508][715]LogSavePackage: Moving '../../../../../../Users/Mitinz/Documents/development/Udemy_FPSSMultiplayer/CoopHorde/Saved/DevMapAB2F2CCC442DDCC8A127E6B671D275C6.tmp' to '../../../../../../Users/Mitinz/Documents/development/Udemy_FPSSMultiplayer/CoopHorde/Content/Maps/DevMap.umap'
[2018.10.17-22.38.32:557][715]Cmd: OBJ SAVEPACKAGE PACKAGE="/Game/Maps/DevMap_BuiltData" FILE="../../../../../../Users/Mitinz/Documents/development/Udemy_FPSSMultiplayer/CoopHorde/Content/Maps/DevMap_BuiltData.uasset" SILENT=true
[2018.10.17-22.38.32:577][715]LogSavePackage: Moving '../../../../../../Users/Mitinz/Documents/development/Udemy_FPSSMultiplayer/CoopHorde/Saved/DevMap_BuiltDataBF4729D849215016E977CEB4D504E39B.tmp' to '../../../../../../Users/Mitinz/Documents/development/Udemy_FPSSMultiplayer/CoopHorde/Content/Maps/DevMap_BuiltData.uasset'
[2018.10.17-22.39.22:124][197]LogSavePackage: Moving '../../../../../../Users/Mitinz/Documents/development/Udemy_FPSSMultiplayer/CoopHorde/Saved/DevMap8304460E4A2DFCDF5BA9A6BDA9920DFB.tmp' to '../../../../../../Users/Mitinz/Documents/development/Udemy_FPSSMultiplayer/CoopHorde/Content/Maps/DevMap.umap'
[2018.10.17-22.39.22:182][197]Cmd: OBJ SAVEPACKAGE PACKAGE="/Game/Maps/DevMap_BuiltData" FILE="../../../../../../Users/Mitinz/Documents/development/Udemy_FPSSMultiplayer/CoopHorde/Content/Maps/DevMap_BuiltData.uasset" SILENT=true
[2018.10.17-22.39.22:203][197]LogSavePackage: Moving '../../../../../../Users/Mitinz/Documents/development/Udemy_FPSSMultiplayer/CoopHorde/Saved/DevMap_BuiltData4FCBC62A47F657B0A7C69E81604F9236.tmp' to '../../../../../../Users/Mitinz/Documents/development/Udemy_FPSSMultiplayer/CoopHorde/Content/Maps/DevMap_BuiltData.uasset'
