Log file open, 10/16/18 23:14:32
LogWindows: Failed to load 'aqProf.dll' (GetLastError=126)
LogWindows: File 'aqProf.dll' does not exist
LogWindows: Failed to load 'VtuneApi.dll' (GetLastError=126)
LogWindows: File 'VtuneApi.dll' does not exist
LogWindows: Failed to load 'VtuneApi32e.dll' (GetLastError=126)
LogWindows: File 'VtuneApi32e.dll' does not exist
LogInit: Display: Running engine for game: CoopHorde
LogPlatformFile: Not using cached read wrapper
LogTaskGraph: Started task graph with 5 named threads and 23 total threads with 3 sets of task threads.
LogStats: Stats thread started at 0.637586
LogD3D11RHI: Loaded GFSDK_Aftermath_Lib.x64.dll
LogICUInternationalization: Display: ICU TimeZone Detection - Raw Offset: -6:00, Platform Override: ''
LogPluginManager: Mounting plugin Paper2D
LogPluginManager: Mounting plugin AISupport
LogPluginManager: Mounting plugin LightPropagationVolume
LogPluginManager: Mounting plugin CLionSourceCodeAccess
LogPluginManager: Mounting plugin CodeLiteSourceCodeAccess
LogPluginManager: Mounting plugin GitSourceControl
LogPluginManager: Mounting plugin KDevelopSourceCodeAccess
LogPluginManager: Mounting plugin NullSourceCodeAccess
LogPluginManager: Mounting plugin PerforceSourceControl
LogPluginManager: Mounting plugin SubversionSourceControl
LogPluginManager: Mounting plugin UObjectPlugin
LogPluginManager: Mounting plugin VisualStudioCodeSourceCodeAccess
LogPluginManager: Mounting plugin VisualStudioSourceCodeAccess
LogPluginManager: Mounting plugin XCodeSourceCodeAccess
LogPluginManager: Mounting plugin AssetManagerEditor
LogPluginManager: Mounting plugin CryptoKeys
LogPluginManager: Mounting plugin DataValidation
LogPluginManager: Mounting plugin FacialAnimation
LogPluginManager: Mounting plugin GameplayTagsEditor
LogPluginManager: Mounting plugin MacGraphicsSwitching
LogPluginManager: Mounting plugin MeshEditor
LogPluginManager: Mounting plugin MobileLauncherProfileWizard
LogPluginManager: Mounting plugin PluginBrowser
LogPluginManager: Mounting plugin SpeedTreeImporter
LogPluginManager: Mounting plugin DatasmithContent
LogPluginManager: Mounting plugin AlembicImporter
LogPluginManager: Mounting plugin AppleImageUtils
LogPluginManager: Mounting plugin AppleVision
LogPluginManager: Mounting plugin BackChannel
LogPluginManager: Mounting plugin CharacterAI
LogPluginManager: Mounting plugin GeometryCache
LogPluginManager: Mounting plugin HTML5Networking
LogPluginManager: Mounting plugin ProxyLODPlugin
LogPluginManager: Mounting plugin MagicLeap
LogPluginManager: Mounting plugin MagicLeapEmulator
LogPluginManager: Mounting plugin MagicLeapMedia
LogPluginManager: Mounting plugin AndroidMedia
LogPluginManager: Mounting plugin AvfMedia
LogPluginManager: Mounting plugin ImgMedia
LogPluginManager: Mounting plugin LinearTimecode
LogPluginManager: Mounting plugin MediaCompositing
LogPluginManager: Mounting plugin MediaPlayerEditor
LogPluginManager: Mounting plugin WmfMedia
LogPluginManager: Mounting plugin TcpMessaging
LogPluginManager: Mounting plugin UdpMessaging
LogPluginManager: Mounting plugin ActorSequence
LogPluginManager: Mounting plugin LevelSequenceEditor
LogPluginManager: Mounting plugin MatineeToLevelSequence
LogPluginManager: Mounting plugin NetcodeUnitTest
LogPluginManager: Mounting plugin NUTUnrealEngine4
LogPluginManager: Mounting plugin OnlineSubsystemGooglePlay
LogPluginManager: Mounting plugin OnlineSubsystemIOS
LogPluginManager: Mounting plugin OnlineSubsystem
LogPluginManager: Mounting plugin OnlineSubsystemNull
LogPluginManager: Mounting plugin OnlineSubsystemUtils
LogPluginManager: Mounting plugin LauncherChunkInstaller
LogPluginManager: Mounting plugin AndroidDeviceProfileSelector
LogPluginManager: Mounting plugin AndroidMoviePlayer
LogPluginManager: Mounting plugin AndroidPermission
LogPluginManager: Mounting plugin AppleMoviePlayer
LogPluginManager: Mounting plugin ArchVisCharacter
LogPluginManager: Mounting plugin AudioCapture
LogPluginManager: Mounting plugin CableComponent
LogPluginManager: Mounting plugin CustomMeshComponent
LogPluginManager: Mounting plugin EditableMesh
LogPluginManager: Mounting plugin ExampleDeviceProfileSelector
LogPluginManager: Mounting plugin GoogleCloudMessaging
LogPluginManager: Mounting plugin ImmediatePhysics
LogPluginManager: Mounting plugin IOSDeviceProfileSelector
LogPluginManager: Mounting plugin LinuxDeviceProfileSelector
LogPluginManager: Mounting plugin LocationServicesBPLibrary
LogPluginManager: Mounting plugin MobilePatchingUtils
LogPluginManager: Mounting plugin OculusVR
LogPluginManager: Plugin shader directory ../../../Engine/Plugins/Runtime/Oculus/OculusVR/Shaders found
LogPluginManager: Mapping shader source directory ../../../Engine/Plugins/Runtime/Oculus/OculusVR/Shaders to virtual directory /Plugin/OculusVR
LogPluginManager: Mounting plugin PhysXVehicles
LogPluginManager: Mounting plugin ProceduralMeshComponent
LogPluginManager: Mounting plugin RuntimePhysXCooking
LogPluginManager: Mounting plugin SteamVR
LogPluginManager: Mounting plugin WindowsMoviePlayer
LogStreaming: Display: Took  0.197s to configure plugins.
LogInit: Using libcurl 7.55.1-DEV
LogInit:  - built for x86_64-pc-win32
LogInit:  - supports SSL with OpenSSL/1.0.2h
LogInit:  - supports HTTP deflate (compression) using libz 1.2.8
LogInit:  - other features:
LogInit:      CURL_VERSION_SSL
LogInit:      CURL_VERSION_LIBZ
LogInit:      CURL_VERSION_IPV6
LogInit:      CURL_VERSION_ASYNCHDNS
LogInit:      CURL_VERSION_LARGEFILE
LogInit:      CURL_VERSION_IDN
LogInit:  CurlRequestOptions (configurable via config and command line):
LogInit:  - bVerifyPeer = false  - Libcurl will NOT verify peer certificate
LogInit:  - bUseHttpProxy = false  - Libcurl will NOT use HTTP proxy
LogInit:  - bDontReuseConnections = false  - Libcurl will reuse connections
LogInit:  - CertBundlePath = nullptr  - Libcurl will use whatever was configured at build time.
LogInit:  - MaxHostConnections = 16  - Libcurl will limit the number of connections to a host
LogInit:  - LocalHostAddr = Default
LogInit:  - BufferSize = 65536
LogInit: WinSock: version 1.1 (2.2), MaxSocks=32767, MaxUdp=65467
LogInit: Build: ++UE4+Release-4.20-CL-4369336
LogInit: Engine Version: 4.20.3-4369336+++UE4+Release-4.20
LogInit: Compatible Engine Version: 4.20.0-4212847+++UE4+Release-4.20
LogInit: Net CL: 4212847
LogInit: OS: Windows 10 (), CPU: AMD FX(tm)-8350 Eight-Core Processor           , GPU: NVIDIA GeForce GTX 1060 6GB
LogInit: Compiled (64-bit): Sep 17 2018 12:26:19
LogInit: Compiled with Visual C++: 19.13.26129.00
LogInit: Build Configuration: Development
LogInit: Branch Name: ++UE4+Release-4.20
LogInit: Command Line:  -skipcompile
LogInit: Base Directory: C:/Program Files/Epic Games/UE_4.20/Engine/Binaries/Win64/
LogInit: Installed Engine Build: 1
LogDevObjectVersion: Number of dev versions registered: 20
LogDevObjectVersion:   Dev-Blueprints (B0D832E4-1F89-4F0D-ACCF-7EB736FD4AA2): 10
LogDevObjectVersion:   Dev-Build (E1C64328-A22C-4D53-A36C-8E866417BD8C): 0
LogDevObjectVersion:   Dev-Core (375EC13C-06E4-48FB-B500-84F0262A717E): 2
LogDevObjectVersion:   Dev-Editor (E4B068ED-F494-42E9-A231-DA0B2E46BB41): 24
LogDevObjectVersion:   Dev-Framework (CFFC743F-43B0-4480-9391-14DF171D2073): 34
LogDevObjectVersion:   Dev-Mobile (B02B49B5-BB20-44E9-A304-32B752E40360): 2
LogDevObjectVersion:   Dev-Networking (A4E4105C-59A1-49B5-A7C5-40C4547EDFEE): 0
LogDevObjectVersion:   Dev-Online (39C831C9-5AE6-47DC-9A44-9C173E1C8E7C): 0
LogDevObjectVersion:   Dev-Physics (78F01B33-EBEA-4F98-B9B4-84EACCB95AA2): 0
LogDevObjectVersion:   Dev-Platform (6631380F-2D4D-43E0-8009-CF276956A95A): 0
LogDevObjectVersion:   Dev-Rendering (12F88B9F-8875-4AFC-A67C-D90C383ABD29): 26
LogDevObjectVersion:   Dev-Sequencer (7B5AE74C-D270-4C10-A958-57980B212A5A): 9
LogDevObjectVersion:   Dev-VR (D7296918-1DD6-4BDD-9DE2-64A83CC13884): 2
LogDevObjectVersion:   Dev-LoadTimes (C2A15278-BFE7-4AFE-6C17-90FF531DF755): 1
LogDevObjectVersion:   Private-Geometry (6EACA3D4-40EC-4CC1-B786-8BED09428FC5): 3
LogDevObjectVersion:   Dev-AnimPhys (29E575DD-E0A3-4627-9D10-D276232CDCEA): 17
LogDevObjectVersion:   Dev-ReflectionCapture (6B266CEC-1EC7-4B8F-A30B-E4D90942FC07): 1
LogDevObjectVersion:   Dev-Automation (0DF73D61-A23F-47EA-B727-89E90C41499A): 1
LogDevObjectVersion:   FortniteMain (601D1886-AC64-4F84-AA16-D3DE0DEAC7D6): 12
LogDevObjectVersion:   Dev-Enterprise (9DFFBCD6-494F-0158-E221-12823C92A888): 1
LogStreaming: Display: Took  0.001s to delete old logs.
LogInit: Presizing for max 8388607 objects, including 0 objects not considered by GC, pre-allocating 0 bytes for permanent pool.
LogInit: Object subsystem initialized
[2018.10.17-04.14.33:228][  0]LogInit: Selected Device Profile: [Windows]
[2018.10.17-04.14.33:228][  0]LogInit: Applying CVar settings loaded from the selected device profile: [Windows]
[2018.10.17-04.14.33:257][  0]LogHAL: Display: Platform has ~ 16 GB [17071697920 / 17179869184 / 16], which maps to Larger [LargestMinGB=32, LargerMinGB=12, DefaultMinGB=8, SmallerMinGB=6, SmallestMinGB=0)
[2018.10.17-04.14.33:257][  0]LogInit: Setting Device Profile CVar: [[r.Vulkan.UseRealUBs:1]]
[2018.10.17-04.14.33:257][  0]LogInit: Going up to parent DeviceProfile []
[2018.10.17-04.14.33:258][  0]LogInit: Computer: MITINZ
[2018.10.17-04.14.33:258][  0]LogInit: User: Mitinz
[2018.10.17-04.14.33:258][  0]LogInit: CPU Page size=4096, Cores=4
[2018.10.17-04.14.33:258][  0]LogInit: High frequency timer resolution =3.919379 MHz
[2018.10.17-04.14.33:259][  0]LogMemory: Memory total: Physical=15.9GB (16GB approx)
[2018.10.17-04.14.33:259][  0]LogMemory: Platform Memory Stats for Windows
[2018.10.17-04.14.33:259][  0]LogMemory: Process Physical Memory: 100.17 MB used, 100.17 MB peak
[2018.10.17-04.14.33:259][  0]LogMemory: Process Virtual Memory: 83.17 MB used, 83.17 MB peak
[2018.10.17-04.14.33:259][  0]LogMemory: Physical Memory: 8596.07 MB used,  7684.77 MB free, 16280.84 MB total
[2018.10.17-04.14.33:260][  0]LogMemory: Virtual Memory: 4637.13 MB used,  7684.77 MB free, 134217728.00 MB total
[2018.10.17-04.14.33:487][  0]LogInit: Using OS detected language (en-US).
[2018.10.17-04.14.33:487][  0]LogInit: Using OS detected locale (en-US).
[2018.10.17-04.14.33:489][  0]LogTextLocalizationManager: No specific localization for 'en-US' exists, so the 'en' localization will be used.
[2018.10.17-04.14.34:091][  0]LogStreaming: Display: Took  0.604s to InitEngineTextLocalization.
[2018.10.17-04.14.34:091][  0]LogInit: Setting process to per monitor DPI aware
[2018.10.17-04.14.34:200][  0]LogSlate: New Slate User Created.  User Index 0, Is Virtual User: 0
[2018.10.17-04.14.34:201][  0]LogSlate: Slate User Registered.  User Index 0, Is Virtual User: 0
[2018.10.17-04.14.37:303][  0]LogHMD: Failed to initialize OpenVR with code 110
[2018.10.17-04.14.37:304][  0]LogD3D11RHI: D3D11 adapters:
[2018.10.17-04.14.37:427][  0]LogD3D11RHI:    0. 'NVIDIA GeForce GTX 1060 6GB' (Feature Level 11_0)
[2018.10.17-04.14.37:427][  0]LogD3D11RHI:       6052/0/8140 MB DedicatedVideo/DedicatedSystem/SharedSystem, Outputs:2, VendorId:0x10de
[2018.10.17-04.14.37:434][  0]LogD3D11RHI:    1. 'Microsoft Basic Render Driver' (Feature Level 11_0)
[2018.10.17-04.14.37:434][  0]LogD3D11RHI:       0/0/8140 MB DedicatedVideo/DedicatedSystem/SharedSystem, Outputs:0, VendorId:0x1414
[2018.10.17-04.14.37:434][  0]LogD3D11RHI: Chosen D3D11 Adapter: 0
[2018.10.17-04.14.37:449][  0]LogD3D11RHI: Creating new Direct3DDevice
[2018.10.17-04.14.37:449][  0]LogD3D11RHI:     GPU DeviceId: 0x1c03 (for the marketing name, search the web for "GPU Device Id")
[2018.10.17-04.14.37:449][  0]LogWindows: EnumDisplayDevices:
[2018.10.17-04.14.37:450][  0]LogWindows:    0. 'NVIDIA GeForce GTX 1060 6GB' (P:1 D:1)
[2018.10.17-04.14.37:450][  0]LogWindows:    1. 'NVIDIA GeForce GTX 1060 6GB' (P:0 D:1)
[2018.10.17-04.14.37:451][  0]LogWindows:    2. 'NVIDIA GeForce GTX 1060 6GB' (P:0 D:0)
[2018.10.17-04.14.37:451][  0]LogWindows:    3. 'NVIDIA GeForce GTX 1060 6GB' (P:0 D:0)
[2018.10.17-04.14.37:452][  0]LogWindows: DebugString: FoundDriverCount:4 
[2018.10.17-04.14.37:452][  0]LogD3D11RHI:     Adapter Name: NVIDIA GeForce GTX 1060 6GB
[2018.10.17-04.14.37:452][  0]LogD3D11RHI:   Driver Version: 398.11 (internal:24.21.13.9811, unified:398.11)
[2018.10.17-04.14.37:452][  0]LogD3D11RHI:      Driver Date: 6-1-2018
[2018.10.17-04.14.37:452][  0]LogRHI: Texture pool is 4236 MB (70% of 6052 MB)
[2018.10.17-04.14.37:521][  0]LogD3D11RHI: Async texture creation enabled
[2018.10.17-04.14.37:570][  0]LogD3D11RHI: GPU Timing Frequency: 1000.000000 (Debug: 2 2)
[2018.10.17-04.14.37:668][  0]LogShaderCompilers: Guid format shader working directory is -38 characters bigger than the processId version (../../../../../../Users/Mitinz/Documents/development/Udemy_FPSSMultiplayer/CoopHorde/Intermediate/Shaders/WorkingDirectory/20572/).
[2018.10.17-04.14.37:669][  0]LogShaderCompilers: Cleaned the shader compiler working directory 'C:/Users/Mitinz/AppData/Local/Temp/UnrealShaderWorkingDir/FAA3EDF2401D5E8C8FE0C39486DE673C/'.
[2018.10.17-04.14.38:054][  0]LogTemp: Display: Loaded TP AllDesktopTargetPlatform
[2018.10.17-04.14.38:078][  0]LogTemp: Display: Loaded TP MacClientTargetPlatform
[2018.10.17-04.14.38:102][  0]LogTemp: Display: Loaded TP MacNoEditorTargetPlatform
[2018.10.17-04.14.38:131][  0]LogTemp: Display: Loaded TP MacServerTargetPlatform
[2018.10.17-04.14.38:161][  0]LogTemp: Display: Loaded TP MacTargetPlatform
[2018.10.17-04.14.38:184][  0]LogTemp: Display: Loaded TP WindowsClientTargetPlatform
[2018.10.17-04.14.38:209][  0]LogTemp: Display: Loaded TP WindowsNoEditorTargetPlatform
[2018.10.17-04.14.38:233][  0]LogTemp: Display: Loaded TP WindowsServerTargetPlatform
[2018.10.17-04.14.38:247][  0]LogTemp: Display: Loaded TP WindowsTargetPlatform
[2018.10.17-04.14.38:388][  0]LogTemp: Display: Loaded TP AndroidTargetPlatform
[2018.10.17-04.14.38:388][  0]LogTemp: Display: Loaded TP AndroidTargetPlatform
[2018.10.17-04.14.38:388][  0]LogTemp: Display: Loaded TP AndroidTargetPlatform
[2018.10.17-04.14.38:388][  0]LogTemp: Display: Loaded TP AndroidTargetPlatform
[2018.10.17-04.14.38:388][  0]LogTemp: Display: Loaded TP AndroidTargetPlatform
[2018.10.17-04.14.38:388][  0]LogTemp: Display: Loaded TP AndroidTargetPlatform
[2018.10.17-04.14.38:389][  0]LogTemp: Display: Loaded TP AndroidTargetPlatform
[2018.10.17-04.14.38:389][  0]LogTemp: Display: Loaded TP AndroidTargetPlatform
[2018.10.17-04.14.38:389][  0]LogTemp: Display: Loaded TP AndroidTargetPlatform
[2018.10.17-04.14.38:389][  0]LogTemp: Display: Loaded TP AndroidTargetPlatform
[2018.10.17-04.14.38:389][  0]LogTemp: Display: Loaded TP AndroidTargetPlatform
[2018.10.17-04.14.38:389][  0]LogTemp: Display: Loaded TP AndroidTargetPlatform
[2018.10.17-04.14.38:389][  0]LogTemp: Display: Loaded TP AndroidTargetPlatform
[2018.10.17-04.14.38:389][  0]LogTemp: Display: Loaded TP AndroidTargetPlatform
[2018.10.17-04.14.38:389][  0]LogTemp: Display: Loaded TP AndroidTargetPlatform
[2018.10.17-04.14.38:389][  0]LogTemp: Display: Loaded TP AndroidTargetPlatform
[2018.10.17-04.14.38:389][  0]LogTemp: Display: Loaded TP AndroidTargetPlatform
[2018.10.17-04.14.38:389][  0]LogTemp: Display: Loaded TP AndroidTargetPlatform
[2018.10.17-04.14.38:395][  0]LogTemp: Display: Loaded TP HTML5TargetPlatform
[2018.10.17-04.14.38:493][  0]LogTemp: Display: Loaded TP IOSTargetPlatform
[2018.10.17-04.14.38:493][  0]LogTemp: Display: Loaded TP IOSTargetPlatform
[2018.10.17-04.14.38:534][  0]LogTemp: Display: Loaded TP TVOSTargetPlatform
[2018.10.17-04.14.38:534][  0]LogTemp: Display: Loaded TP TVOSTargetPlatform
[2018.10.17-04.14.38:558][  0]LogTemp: Display: Loaded TP LinuxClientTargetPlatform
[2018.10.17-04.14.38:581][  0]LogTemp: Display: Loaded TP LinuxNoEditorTargetPlatform
[2018.10.17-04.14.38:603][  0]LogTemp: Display: Loaded TP LinuxServerTargetPlatform
[2018.10.17-04.14.38:636][  0]LogTemp: Display: Loaded TP LinuxTargetPlatform
[2018.10.17-04.14.38:653][  0]LogTemp: Display: Loaded TP LuminTargetPlatform
[2018.10.17-04.14.38:653][  0]LogTargetPlatformManager: Display: Building Assets For Windows
[2018.10.17-04.14.38:811][  0]LogXGEController: Cannot use XGE Controller as Incredibuild is not installed on this machine.
[2018.10.17-04.14.38:811][  0]LogShaderCompilers: Cannot use XGE Shader Compiler as Incredibuild is not installed on this machine.
[2018.10.17-04.14.38:812][  0]LogShaderCompilers: Display: Using Local Shader Compiler.
[2018.10.17-04.14.41:529][  0]LogDerivedDataCache: Display: Max Cache Size: 512 MB
[2018.10.17-04.14.41:868][  0]LogDerivedDataCache: Loaded boot cache 0.34s 71MB C:/Users/Mitinz/AppData/Local/UnrealEngine/4.20/DerivedDataCache/Boot.ddc.
[2018.10.17-04.14.41:869][  0]LogDerivedDataCache: Display: Loaded Boot cache: C:/Users/Mitinz/AppData/Local/UnrealEngine/4.20/DerivedDataCache/Boot.ddc
[2018.10.17-04.14.41:869][  0]LogDerivedDataCache: FDerivedDataBackendGraph:  Pak pak cache file ../../../../../../Users/Mitinz/Documents/development/Udemy_FPSSMultiplayer/CoopHorde/DerivedDataCache/DDC.ddp not found, will not use a pak cache.
[2018.10.17-04.14.41:870][  0]LogDerivedDataCache: Unable to find inner node Pak for hierarchical cache Hierarchy.
[2018.10.17-04.14.41:870][  0]LogDerivedDataCache: FDerivedDataBackendGraph:  CompressedPak pak cache file ../../../../../../Users/Mitinz/Documents/development/Udemy_FPSSMultiplayer/CoopHorde/DerivedDataCache/Compressed.ddp not found, will not use a pak cache.
[2018.10.17-04.14.41:870][  0]LogDerivedDataCache: Unable to find inner node CompressedPak for hierarchical cache Hierarchy.
[2018.10.17-04.14.41:885][  0]LogDerivedDataCache: Display: Pak cache opened for reading ../../../Engine/DerivedDataCache/Compressed.ddp.
[2018.10.17-04.14.41:899][  0]LogDerivedDataCache: Using Local data cache path C:/Users/Mitinz/AppData/Local/UnrealEngine/Common/DerivedDataCache: Writable
[2018.10.17-04.14.41:899][  0]LogDerivedDataCache: Shared data cache path not found in *engine.ini, will not use an Shared cache.
[2018.10.17-04.14.41:899][  0]LogDerivedDataCache: Unable to find inner node Shared for hierarchical cache Hierarchy.
[2018.10.17-04.14.41:928][  0]LogMaterial: Verifying Global Shaders for PCD3D_SM5
[2018.10.17-04.14.41:930][  0]LogSlate: Using FreeType 2.6.0
[2018.10.17-04.14.41:952][  0]LogSlate: SlateFontServices - WITH_FREETYPE: 1, WITH_HARFBUZZ: 1
[2018.10.17-04.14.42:284][  0]LogAssetRegistry: FAssetRegistry took 0.0315 seconds to start up
[2018.10.17-04.14.42:806][  0]LogInit: Selected Device Profile: [Windows]
[2018.10.17-04.14.43:010][  0]LogSimplygon: Simplygon DLL not present - disabling.
[2018.10.17-04.14.43:021][  0]LogMeshReduction: Using SimplygonSwarm for distributed automatic mesh merging
[2018.10.17-04.14.43:021][  0]LogMeshReduction: Using ProxyLODMeshReduction for automatic mesh merging
[2018.10.17-04.14.43:021][  0]LogMeshReduction: Using QuadricMeshReduction for automatic static mesh reduction
[2018.10.17-04.14.43:022][  0]LogMeshReduction: No automatic skeletal mesh reduction module available
[2018.10.17-04.14.43:055][  0]LogNetVersion: CoopHorde 1.0.0, NetCL: 4212847, EngineNetVer: 5, GameNetVer: 0 (Checksum: 641387925)
[2018.10.17-04.14.43:811][  0]LogPackageLocalizationCache: Processed 11 localized package path(s) for 2 prioritized culture(s) in 0.170956 seconds
[2018.10.17-04.14.43:821][  0]LogUObjectArray: 38425 objects as part of root set at end of initial load.
[2018.10.17-04.14.43:821][  0]LogUObjectAllocator: 6690864 out of 0 bytes used by permanent object pool.
[2018.10.17-04.14.43:821][  0]LogUObjectArray: CloseDisregardForGC: 0/0 objects in disregard for GC pool
[2018.10.17-04.14.47:588][  0]LogTcpMessaging: Initializing TcpMessaging bridge
[2018.10.17-04.14.47:607][  0]LogUdpMessaging: Initializing bridge on interface 0.0.0.0:0 to multicast group 230.0.0.1:6666.
[2018.10.17-04.14.47:904][  0]SourceControl: Source control is disabled
[2018.10.17-04.14.47:904][  0]SourceControl: Source control is disabled
[2018.10.17-04.14.47:909][  0]SourceControl: Source control is disabled
[2018.10.17-04.14.47:913][  0]SourceControl: Source control is disabled
[2018.10.17-04.14.48:240][  0]LogAndroidPermission: UAndroidPermissionCallbackProxy::GetInstance
[2018.10.17-04.14.48:385][  0]LogOcInput: OculusInput pre-init called
[2018.10.17-04.14.48:486][  0]LogEngine: Initializing Engine...
[2018.10.17-04.14.48:488][  0]LogHMD: Failed to initialize OpenVR with code 110
[2018.10.17-04.14.48:490][  0]LogStats: UGameplayTagsManager::ConstructGameplayTagTree: ImportINI prefixes -  0.000 s
[2018.10.17-04.14.48:490][  0]LogStats: UGameplayTagsManager::ConstructGameplayTagTree: Construct from data asset -  0.000 s
[2018.10.17-04.14.48:490][  0]LogStats: UGameplayTagsManager::ConstructGameplayTagTree: ImportINI -  0.000 s
[2018.10.17-04.14.48:490][  0]LogStats: UGameplayTagsManager::ConstructGameplayTagTree: GameplayTagTreeChangedEvent.Broadcast -  0.000 s
[2018.10.17-04.14.48:772][  0]LogInit: Initializing FReadOnlyCVARCache
[2018.10.17-04.14.48:799][  0]LogAIModule: Creating AISystem for world Untitled
[2018.10.17-04.14.48:911][  0]LogInit: XAudio2 using 'Speakers (Realtek High Definition Audio)' : 2 channels at 48 kHz using 32 bits per sample (channel mask 0x3)
[2018.10.17-04.14.48:968][  0]LogInit: FAudioDevice initialized.
[2018.10.17-04.14.48:968][  0]LogNetVersion: Set ProjectVersion to 1.0.0.0. Version Checksum will be recalculated on next use.
[2018.10.17-04.14.49:081][  0]LogDerivedDataCache: Saved boot cache 0.11s 71MB C:/Users/Mitinz/AppData/Local/UnrealEngine/4.20/DerivedDataCache/Boot.ddc.
[2018.10.17-04.14.49:086][  0]LogInit: Texture streaming: Enabled
[2018.10.17-04.14.49:126][  0]LogEngineSessionManager: EngineSessionManager initialized
[2018.10.17-04.14.49:148][  0]LogInit: Transaction tracking system initialized
[2018.10.17-04.14.49:209][  0]BlueprintLog: New page: Editor Load
[2018.10.17-04.14.49:408][  0]LocalizationService: Localization service is disabled
[2018.10.17-04.14.49:848][  0]LogCook: Display: Max memory allowance for cook 16384mb min free memory 0mb
[2018.10.17-04.14.49:849][  0]LogCook: Display: Mobile HDR setting 1
[2018.10.17-04.14.49:849][  0]LogGameplayTags: Display: UGameplayTagsManager::DoneAddingNativeTags. DelegateIsBound: 0
[2018.10.17-04.14.49:849][  0]LogFileCache: Scanning file cache for directory 'C:/Users/Mitinz/Documents/development/Udemy_FPSSMultiplayer/CoopHorde/Content/' took 0.01s
[2018.10.17-04.14.49:849][  0]LogStats: UGameplayTagsManager::ConstructGameplayTagTree: ImportINI prefixes -  0.000 s
[2018.10.17-04.14.49:850][  0]LogStats: UGameplayTagsManager::ConstructGameplayTagTree: Construct from data asset -  0.000 s
[2018.10.17-04.14.49:850][  0]LogStats: UGameplayTagsManager::ConstructGameplayTagTree: ImportINI -  0.000 s
[2018.10.17-04.14.49:850][  0]LogStats: UGameplayTagsManager::ConstructGameplayTagTree: GameplayTagTreeChangedEvent.Broadcast -  0.000 s
[2018.10.17-04.14.50:206][  0]SourceControl: Source control is disabled
[2018.10.17-04.14.50:206][  0]Cmd: MAP LOAD FILE="../../../Engine/Content/Maps/Templates/Template_Default.umap" TEMPLATE=1 SHOWPROGRESS=1 FEATURELEVEL=3
[2018.10.17-04.14.50:207][  0]LightingResults: New page: Lighting Build
[2018.10.17-04.14.50:212][  0]MapCheck: New page: Map Check
[2018.10.17-04.14.50:212][  0]LightingResults: New page: Lighting Build
[2018.10.17-04.14.50:605][  0]LogAIModule: Creating AISystem for world Untitled_1
[2018.10.17-04.14.50:619][  0]LogEditorServer: Finished looking for orphan Actors (0.000 secs)
[2018.10.17-04.14.50:738][  0]Cmd: MAP CHECKDEP NOCLEARLOG
[2018.10.17-04.14.50:832][  0]MapCheck: Map check complete: 0 Error(s), 0 Warning(s), took 94.702ms to complete.
[2018.10.17-04.14.50:833][  0]LogFileHelpers: Loading map 'Template_Default' took 0.626
[2018.10.17-04.14.51:036][  0]LogSlate: Updating window title bar state: overlay mode, drag disabled, window buttons hidden, title bar hidden
[2018.10.17-04.14.51:045][  0]LogSlate: Updating window title bar state: overlay mode, drag disabled, window buttons hidden, title bar hidden
[2018.10.17-04.14.51:054][  0]LogSlate: Updating window title bar state: overlay mode, drag disabled, window buttons hidden, title bar hidden
[2018.10.17-04.14.51:063][  0]LogSlate: Updating window title bar state: overlay mode, drag disabled, window buttons hidden, title bar hidden
[2018.10.17-04.14.51:082][  0]LogCollectionManager: Loaded 0 collections in 0.003249 seconds
[2018.10.17-04.14.51:141][  0]LogFileCache: Scanning file cache for directory 'C:/Users/Mitinz/Documents/development/Udemy_FPSSMultiplayer/CoopHorde/Saved/Collections/' took 0.01s
[2018.10.17-04.14.51:141][  0]LogFileCache: Scanning file cache for directory 'C:/Users/Mitinz/Documents/development/Udemy_FPSSMultiplayer/CoopHorde/Content/Developers/Mitinz/Collections/' took 0.01s
[2018.10.17-04.14.51:141][  0]LogFileCache: Scanning file cache for directory 'C:/Users/Mitinz/Documents/development/Udemy_FPSSMultiplayer/CoopHorde/Content/Collections/' took 0.01s
[2018.10.17-04.14.51:141][  0]LogCollectionManager: Rebuilt the GUID cache for 0 collections in 0.000000 seconds
[2018.10.17-04.14.51:157][  0]LogContentBrowser: Native class hierarchy populated in 0.0160 seconds. Added 2573 classes and 606 folders.
[2018.10.17-04.14.51:171][  0]LogContentBrowser: Native class hierarchy updated for 'WidgetCarousel' in 0.0005 seconds. Added 0 classes and 0 folders.
[2018.10.17-04.14.51:644][  0]LogContentBrowser: Native class hierarchy updated for 'AddContentDialog' in 0.0005 seconds. Added 0 classes and 0 folders.
[2018.10.17-04.14.51:655][  0]LogContentBrowser: Native class hierarchy updated for 'SceneOutliner' in 0.0006 seconds. Added 1 classes and 2 folders.
[2018.10.17-04.14.51:684][  0]LogSlate: Took 0.009167 seconds to synchronously load lazily loaded font '../../../Engine/Content/Slate/Fonts/Roboto-Regular.ttf' (155K)
[2018.10.17-04.14.51:694][  0]LogSlate: Took 0.007776 seconds to synchronously load lazily loaded font '../../../Engine/Content/Slate/Fonts/Roboto-Bold.ttf' (160K)
[2018.10.17-04.14.51:709][  0]LogSlate: Took 0.007912 seconds to synchronously load lazily loaded font '../../../Engine/Content/Editor/Slate/Fonts/FontAwesome.ttf' (139K)
[2018.10.17-04.14.51:858][  0]LogRenderer: Reallocating scene render targets to support 1208x576 Format 10 NumSamples 1 (Frame:1).
[2018.10.17-04.14.52:107][  0]LogContentBrowser: Native class hierarchy updated for 'HierarchicalLODOutliner' in 0.0005 seconds. Added 0 classes and 0 folders.
[2018.10.17-04.14.52:107][  0]LogLoad: (Engine Initialization) Total time: 22.36 seconds
[2018.10.17-04.14.52:107][  0]LogLoad: (Engine Initialization) Total Blueprint compile time: 0.00 seconds
[2018.10.17-04.14.52:141][  0]LogContentStreaming: Texture pool size now 1000 MB
[2018.10.17-04.14.52:169][  0]LogSlate: Took 0.000289 seconds to synchronously load lazily loaded font '../../../Engine/Content/Slate/Fonts/Roboto-Light.ttf' (167K)
[2018.10.17-04.14.52:191][  1]LogAssetRegistry: Asset discovery search completed in 9.9317 seconds
[2018.10.17-04.14.52:194][  1]LogCollectionManager: Rebuilt the object cache for 0 collections in 0.000001 seconds (found 0 objects)
[2018.10.17-04.14.52:194][  1]LogCollectionManager: Fixed up redirectors for 0 collections in 0.000158 seconds (updated 0 objects)
[2018.10.17-04.14.55:878][424]LogSlate: FSceneViewport::OnFocusLost() reason 2
[2018.10.17-04.14.56:908][545]LogSlate: FSceneViewport::OnFocusLost() reason 2
[2018.10.17-04.14.58:050][545]LogSlate: Only BGRA pngs, bmps or icos are supported in by External Image Picker
[2018.10.17-04.14.58:137][546]LogTemp: Executing iPhonePackager certificates Engine -bundlename com.YourCompany.CoopHorde
[2018.10.17-04.14.58:137][546]LogTemp: CWD: C:\Program Files\Epic Games\UE_4.20\Engine\Binaries\DotNET\IOS
[2018.10.17-04.14.58:137][546]LogTemp: Initial Dir: C:\Program Files\Epic Games\UE_4.20
[2018.10.17-04.14.58:138][546]LogTemp: Env CWD: C:\Program Files\Epic Games\UE_4.20\Engine\Binaries\DotNET\IOS
[2018.10.17-04.14.58:138][546]LogTemp: BranchPath = MITINZ/C/Program Files/Epic Games/UE_4.20/Engine/Binaries --- GameBranchPath = MITINZ/C/Program Files/Epic Games/UE_4.20/Engine/Binaries
[2018.10.17-04.14.58:157][546]LogTemp: IPP ERROR: Could not find provision directory 'C:\Users\Mitinz\AppData\Local/Apple Computer/MobileDevice/Provisioning Profiles/'.
[2018.10.17-04.15.03:826][181]LogSlate: Window 'Project Settings' being destroyed
[2018.10.17-04.15.03:833][181]LogSlate: Window 'Project Settings' being destroyed
[2018.10.17-04.15.20:835][725]LogSlate: FSceneViewport::OnFocusLost() reason 0
[2018.10.17-04.15.33:003][645]LogSlate: Took 0.000297 seconds to synchronously load lazily loaded font '../../../Engine/Content/Slate/Fonts/Roboto-Light.ttf' (167K)
[2018.10.17-04.15.40:114][645]LogSlate: Window 'Pick Parent Class' being destroyed
[2018.10.17-04.16.02:078][211]LogEditorViewport: Clicking on Actor (LMB): PlayerStart (Player Start)
[2018.10.17-04.16.03:553][380]Cmd: DELETE
[2018.10.17-04.16.03:553][380]Cmd: ACTOR DELETE
[2018.10.17-04.16.03:563][380]LogEditorActor: Deleted Actor: PlayerStart
[2018.10.17-04.16.03:684][380]LogEditorActor: Deleted 1 Actors (0.126 secs)
[2018.10.17-04.16.05:015][539]LogEditorViewport: Clicking on Actor (LMB): StaticMeshActor (Floor)
[2018.10.17-04.16.06:338][674]LogSlate: Took 0.006188 seconds to synchronously load lazily loaded font '../../../Engine/Content/Slate/Fonts/Roboto-Italic.ttf' (157K)
[2018.10.17-04.16.06:701][714]LogSlate: FSceneViewport::OnFocusLost() reason 0
[2018.10.17-04.16.15:749][241]LogEditorViewport: Clicking on Actor (LMB): BP_PlayerPawn_C (BP_PlayerPawn)
[2018.10.17-04.16.16:876][358]LogSlate: FSceneViewport::OnFocusLost() reason 0
[2018.10.17-04.16.32:635][406]LogSlate: Window 'Save Level As' being destroyed
[2018.10.17-04.16.56:522][609]LogSlate: Window 'Save Level As' being destroyed
[2018.10.17-04.16.56:662][609]Cmd: OBJ SAVEPACKAGE PACKAGE="/Game/DevMap" FILE="../../../../../../Users/Mitinz/Documents/development/Udemy_FPSSMultiplayer/CoopHorde/Content/DevMap.umap" SILENT=true AUTOSAVING=false KEEPDIRTY=false
[2018.10.17-04.16.56:831][609]LogSavePackage: Moving '../../../../../../Users/Mitinz/Documents/development/Udemy_FPSSMultiplayer/CoopHorde/Saved/DevMap7ACB8D274DC35E4C79AA6A94CED5F4FE.tmp' to '../../../../../../Users/Mitinz/Documents/development/Udemy_FPSSMultiplayer/CoopHorde/Content/DevMap.umap'
[2018.10.17-04.16.56:872][609]Cmd: OBJ SAVEPACKAGE PACKAGE="/Game/DevMap_BuiltData" FILE="../../../../../../Users/Mitinz/Documents/development/Udemy_FPSSMultiplayer/CoopHorde/Content/DevMap_BuiltData.uasset" SILENT=true
[2018.10.17-04.16.56:896][609]LogSavePackage: Moving '../../../../../../Users/Mitinz/Documents/development/Udemy_FPSSMultiplayer/CoopHorde/Saved/DevMap_BuiltData6DFE050C4A3FBB184B741EB3A9DD0735.tmp' to '../../../../../../Users/Mitinz/Documents/development/Udemy_FPSSMultiplayer/CoopHorde/Content/DevMap_BuiltData.uasset'
[2018.10.17-04.16.56:908][609]LogFileHelpers: Saving map 'DevMap' took 0.377
[2018.10.17-04.16.58:472][782]Cmd: OBJ SAVEPACKAGE PACKAGE="/Game/DevMap" FILE="../../../../../../Users/Mitinz/Documents/development/Udemy_FPSSMultiplayer/CoopHorde/Content/DevMap.umap" SILENT=true AUTOSAVING=false KEEPDIRTY=false
[2018.10.17-04.16.58:642][782]LogSavePackage: Moving '../../../../../../Users/Mitinz/Documents/development/Udemy_FPSSMultiplayer/CoopHorde/Saved/DevMapCCCFF0564CD8B1BA326540966A952FAB.tmp' to '../../../../../../Users/Mitinz/Documents/development/Udemy_FPSSMultiplayer/CoopHorde/Content/DevMap.umap'
[2018.10.17-04.16.58:678][782]Cmd: OBJ SAVEPACKAGE PACKAGE="/Game/DevMap_BuiltData" FILE="../../../../../../Users/Mitinz/Documents/development/Udemy_FPSSMultiplayer/CoopHorde/Content/DevMap_BuiltData.uasset" SILENT=true
[2018.10.17-04.16.58:707][782]LogSavePackage: Moving '../../../../../../Users/Mitinz/Documents/development/Udemy_FPSSMultiplayer/CoopHorde/Saved/DevMap_BuiltData80A29CCF4BA3A96DBDE6A5944FADB498.tmp' to '../../../../../../Users/Mitinz/Documents/development/Udemy_FPSSMultiplayer/CoopHorde/Content/DevMap_BuiltData.uasset'
[2018.10.17-04.17.07:806][838]LogTemp: Repeating last play command: Selected Viewport
[2018.10.17-04.17.07:834][838]LogPlayLevel: PlayLevel: No blueprints needed recompiling
[2018.10.17-04.17.07:852][838]PIE: New page: PIE session: DevMap (Oct 16, 2018, 6:17:07 PM)
[2018.10.17-04.17.07:853][838]LogPlayLevel: Creating play world package: /Game/UEDPIE_0_DevMap
[2018.10.17-04.17.07:857][838]LogPlayLevel: PIE: StaticDuplicateObject took: (0.004158s)
[2018.10.17-04.17.07:858][838]LogAIModule: Creating AISystem for world DevMap
[2018.10.17-04.17.07:859][838]LogPlayLevel: PIE: World Init took: (0.001382s)
[2018.10.17-04.17.07:859][838]LogPlayLevel: PIE: Created PIE world by copying editor world from /Game/DevMap.DevMap to /Game/UEDPIE_0_DevMap.DevMap (0.006408s)
[2018.10.17-04.17.07:988][838]LogInit: XAudio2 using 'Speakers (Realtek High Definition Audio)' : 2 channels at 48 kHz using 32 bits per sample (channel mask 0x3)
[2018.10.17-04.17.08:035][838]LogInit: FAudioDevice initialized.
[2018.10.17-04.17.08:094][838]LogLoad: Game class is 'GameModeBase'
[2018.10.17-04.17.08:101][838]LogWorld: Bringing World /Game/UEDPIE_0_DevMap.DevMap up for play (max tick rate 0) at 2018.10.16-23.17.08
[2018.10.17-04.17.08:103][838]LogWorld: Bringing up level for play took: 0.003732
[2018.10.17-04.17.08:137][838]LogContentBrowser: Native class hierarchy updated for 'MovieSceneCapture' in 0.0006 seconds. Added 10 classes and 0 folders.
[2018.10.17-04.17.08:139][838]PIE: Play in editor start time for /Game/UEDPIE_0_DevMap 1.3
[2018.10.17-04.17.21:032][379]LogSlate: Updating window title bar state: overlay mode, drag disabled, window buttons hidden, title bar hidden
[2018.10.17-04.17.21:073][379]LogPlayLevel: Display: Shutting down PIE online subsystems
[2018.10.17-04.17.21:195][379]LogSlate: Updating window title bar state: overlay mode, drag disabled, window buttons hidden, title bar hidden
[2018.10.17-04.17.21:218][380]LogPlayLevel: Display: Destroying online subsystem :Context_3
[2018.10.17-04.17.22:752][559]LogSlate: FSceneViewport::OnFocusLost() reason 0
[2018.10.17-04.17.22:859][569]Cmd: OBJ SAVEPACKAGE PACKAGE="/Game/DevMap" FILE="../../../../../../Users/Mitinz/Documents/development/Udemy_FPSSMultiplayer/CoopHorde/Content/DevMap.umap" SILENT=true AUTOSAVING=false KEEPDIRTY=false
[2018.10.17-04.17.23:011][569]LogSavePackage: Moving '../../../../../../Users/Mitinz/Documents/development/Udemy_FPSSMultiplayer/CoopHorde/Saved/DevMap4C2F67344FB496E2B44FB6A0CF9BF432.tmp' to '../../../../../../Users/Mitinz/Documents/development/Udemy_FPSSMultiplayer/CoopHorde/Content/DevMap.umap'
[2018.10.17-04.17.23:046][569]Cmd: OBJ SAVEPACKAGE PACKAGE="/Game/DevMap_BuiltData" FILE="../../../../../../Users/Mitinz/Documents/development/Udemy_FPSSMultiplayer/CoopHorde/Content/DevMap_BuiltData.uasset" SILENT=true
[2018.10.17-04.17.23:067][569]LogSavePackage: Moving '../../../../../../Users/Mitinz/Documents/development/Udemy_FPSSMultiplayer/CoopHorde/Saved/DevMap_BuiltData4F01A72F4945E0EA9CC1B0AF1395D663.tmp' to '../../../../../../Users/Mitinz/Documents/development/Udemy_FPSSMultiplayer/CoopHorde/Content/DevMap_BuiltData.uasset'
